-------------------------------------------------------------------------------
Test set: Testing.group.Problem1Test
-------------------------------------------------------------------------------
Tests run: 3, Failures: 1, Errors: 0, Skipped: 0, Time elapsed: 0.002 sec <<< FAILURE!
testA(Testing.group.Problem1Test)  Time elapsed: 0.001 sec  <<< FAILURE!
junit.framework.AssertionFailedError: Wrong value expected:<1> but was:<0>
	at junit.framework.Assert.fail(Assert.java:47)
	at junit.framework.Assert.failNotEquals(Assert.java:282)
	at junit.framework.Assert.assertEquals(Assert.java:64)
	at junit.framework.Assert.assertEquals(Assert.java:201)
	at Testing.group.Problem1Test.testA(Problem1Test.java:40)

